Loading pytorch-gpu/py3/1.10.1
  Loading requirement: cuda/11.2 nccl/2.9.6-1-cuda cudnn/8.1.1.33-cuda gcc/8.4.1
    openmpi/4.1.1-cuda intel-mkl/2020.4 magma/2.5.4-cuda sox/14.4.2
A NumPy version >=1.16.5 and <1.23.0 is required for this version of SciPy (detected version 1.23.1
nb_data: 200
output_folder: datasets/new_test_dataset/
size: 128
spacing: 4.0
like: None
min_radius: 4
max_radius: 32
max_activity: 3
nspheres: 3
background: 10
ellipse: True
geom: PVE_data/Analytical_data/data/geom_1.xml
attenuationmap: PVE_data/Analytical_data/data/acf_ct_air.mhd
sigma0pve: 0.6369913502160143
alphapve: 0.018204551442932534
save_src: False
noise: False
NCQJQ
AXAQK
JAQNU
QJSGA
CVJXQ
SCALS
QCTKD
VKKTF
EFKQH
LCGVU
XVQXC
NPRFM
TACJE
QLLZM
JCSVQ
GYHXG
DVYHU
SDWOW
ORGWW
KDXYM
XOIHD
QHKLH
JRZEM
VPHYE
CCDIU
JBQDB
BHKYV
GWVKE
FCQYF
EALSH
KUGPB
VBKRL
VJNET
TNFCH
IQGFF
QNDHH
YQGQB
GDDSY
NLNGZ
HWUNL
JYTJF
SHKFN
FFGYN
OJXZJ
XXQUN
LRXPP
CMLUI
JZYVT
VJVXQ
DKCZS
SVQMO
QFWBH
HJIDS
AVVWA
GXQVA
DQWEK
SLTTK
LELPE
QPYRW
USUCE
MTLQI
LGLDH
CFXFA
JQWHZ
FMLVU
SGJZR
OPTJM
YNTKV
QMBZT
PYYAZ
XKDJV
FGZNT
QBXOC
XJWKM
IIRTR
UJILO
QAJKY
UCRQI
ATHBZ
UAXDW
SEQKT
BVANM
FWHUK
SOCGG
JSMDW
LTCPG
YSBZE
UHOAE
MXAQD
XKWSJ
UXYYA
DMDOR
HGCDP
FYFWH
BNBNB
YQIKO
XFIZE
NRCCT
XFZGU
HTBUF
EWDCM
TRZZT
SLPTU
UTITP
OQQYS
BCPPP
DLPIF
JYMBQ
FODWX
UVJEZ
WFEDL
GSRUD
NTWVV
BGFLS
GZWSM
UDEGC
SYYLK
MPMGL
QVFWI
ZITKF
AAAMR
DAIJL
AVCAU
KRZYI
UEKWG
MQLUG
HOJCL
WCPTC
TWQHV
PFOKY
YYOSD
YVLVP
DCVGL
ZNDRU
QVVVS
JVOSK
WVSZP
GGYDQ
GARIP
DYVSX
GRHPI
HFSEV
UZLSP
ISKUR
MDGIT
DOTEU
JSFEL
HBDRX
BFSXT
JLKJD
RLNUW
IXWZS
LSFXN
CXDHK
PCOZU
MAEKI
BWYIC
SXFJZ
SMYQQ
OAYFI
ZZEVU
IXUTZ
RMCUL
NVKGN
TFQVY
MCDGX
HKWFH
NVMWG
JPWQD
WMJJJ
OPALO
TSTGR
LEYBH
MQIOH
WTIDO
JMGTX
OUWIT
HPYQK
YUUDR
NEBIR
WOXBA
GIOHZ
BFASB
BSJWA
TNLXJ
XDNJJ
IUOCN
SZZPJ
HPKVI
XEEQG
LDGZD
IULTR
IVRQA
NPYFE
VDBLW
QNSYC
XJIQI
LAXZK
LCFLI
OBSIT
Total time elapsed for data generation : 5 min    (i.e. 274 s)
